  main.cpp
c:\users\ally\desktop\cg_q1\cg_q1\cg_q1\main.h(11): warning C4838: 從 'double' 到 'GLfloat' 的轉換必須是縮小轉換
c:\users\ally\desktop\cg_q1\cg_q1\cg_q1\main.h(11): warning C4305: '正在初始化': 從 'double' 轉換為 'GLfloat'，是由較大的類型轉換為較小的類型，可能導致資料遺失
c:\users\ally\desktop\cg_q1\cg_q1\cg_q1\main.h(12): warning C4838: 從 'double' 到 'GLfloat' 的轉換必須是縮小轉換
c:\users\ally\desktop\cg_q1\cg_q1\cg_q1\main.h(12): warning C4305: '正在初始化': 從 'double' 轉換為 'GLfloat'，是由較大的類型轉換為較小的類型，可能導致資料遺失
c:\users\ally\desktop\cg_q1\cg_q1\cg_q1\main.h(13): warning C4838: 從 'double' 到 'GLfloat' 的轉換必須是縮小轉換
c:\users\ally\desktop\cg_q1\cg_q1\cg_q1\main.h(13): warning C4305: '正在初始化': 從 'double' 轉換為 'GLfloat'，是由較大的類型轉換為較小的類型，可能導致資料遺失
c:\users\ally\desktop\cg_q1\cg_q1\cg_q1\main.h(14): warning C4838: 從 'double' 到 'GLfloat' 的轉換必須是縮小轉換
c:\users\ally\desktop\cg_q1\cg_q1\cg_q1\main.h(14): warning C4305: '正在初始化': 從 'double' 轉換為 'GLfloat'，是由較大的類型轉換為較小的類型，可能導致資料遺失
c:\users\ally\desktop\cg_q1\cg_q1\cg_q1\main.h(15): warning C4838: 從 'double' 到 'GLfloat' 的轉換必須是縮小轉換
c:\users\ally\desktop\cg_q1\cg_q1\cg_q1\main.h(15): warning C4305: '正在初始化': 從 'double' 轉換為 'GLfloat'，是由較大的類型轉換為較小的類型，可能導致資料遺失
c:\users\ally\desktop\cg_q1\cg_q1\cg_q1\main.h(16): warning C4838: 從 'double' 到 'GLfloat' 的轉換必須是縮小轉換
c:\users\ally\desktop\cg_q1\cg_q1\cg_q1\main.h(16): warning C4305: '正在初始化': 從 'double' 轉換為 'GLfloat'，是由較大的類型轉換為較小的類型，可能導致資料遺失
c:\users\ally\desktop\cg_q1\cg_q1\cg_q1\main.cpp(85): warning C4244: '正在初始化': 將 'int' 轉換為 'float'，由於類型不同，可能導致資料遺失
c:\users\ally\desktop\cg_q1\cg_q1\cg_q1\main.cpp(90): warning C4244: '引數': 將 'float' 轉換為 'GLubyte'，由於類型不同，可能導致資料遺失
c:\users\ally\desktop\cg_q1\cg_q1\cg_q1\main.cpp(92): warning C4244: '引數': 將 'float' 轉換為 'GLubyte'，由於類型不同，可能導致資料遺失
c:\users\ally\desktop\cg_q1\cg_q1\cg_q1\main.cpp(94): warning C4244: '引數': 將 'float' 轉換為 'GLubyte'，由於類型不同，可能導致資料遺失
c:\users\ally\desktop\cg_q1\cg_q1\cg_q1\main.cpp(100): warning C4244: '引數': 將 'float' 轉換為 'GLubyte'，由於類型不同，可能導致資料遺失
c:\users\ally\desktop\cg_q1\cg_q1\cg_q1\main.cpp(102): warning C4244: '引數': 將 'float' 轉換為 'GLubyte'，由於類型不同，可能導致資料遺失
c:\users\ally\desktop\cg_q1\cg_q1\cg_q1\main.cpp(104): warning C4244: '引數': 將 'float' 轉換為 'GLubyte'，由於類型不同，可能導致資料遺失
  CG_Q1.vcxproj -> C:\Users\Ally\Desktop\CG_Q1\CG_Q1\Debug\CG_Q1.exe
